0 info it worked if it ends with ok
1 verbose cli [ 'C:\\Program Files\\nodejs\\node.exe',
1 verbose cli   'C:\\Program Files\\nodejs\\node_modules\\npm\\bin\\npm-cli.js',
1 verbose cli   'start' ]
2 info using npm@3.10.10
3 info using node@v7.2.1
4 verbose run-script [ 'prestart', 'start', 'poststart' ]
5 info lifecycle sc3x3@1.0.0~prestart: sc3x3@1.0.0
6 silly lifecycle sc3x3@1.0.0~prestart: no script for prestart, continuing
7 info lifecycle sc3x3@1.0.0~start: sc3x3@1.0.0
8 verbose lifecycle sc3x3@1.0.0~start: unsafe-perm in lifecycle true
9 verbose lifecycle sc3x3@1.0.0~start: PATH: C:\Program Files\nodejs\node_modules\npm\bin\node-gyp-bin;C:\Users\jordao\projects\testepixi\node_modules\.bin;C:\Program Files\Docker\Docker\Resources\bin;C:\ProgramData\Oracle\Java\javapath;C:\Windows\system32;C:\Windows;C:\Windows\System32\Wbem;C:\Windows\System32\WindowsPowerShell\v1.0\;C:\Program Files\nodejs\;C:\Program Files\Git\cmd;C:\Program Files\Git\mingw64\bin;C:\Program Files\Git\usr\bin;C:\ProgramData\chocolatey\bin;C:\Program Files (x86)\PuTTY\;C:\Program Files (x86)\GtkSharp\2.12\bin;C:\Program Files (x86)\NVIDIA Corporation\PhysX\Common;%SystemRoot%\system32;%SystemRoot%;%SystemRoot%\System32\Wbem;%SYSTEMROOT%\System32\WindowsPowerShell\v1.0\;C:\Users\jordao\AppData\Local\Programs\Python\Python35\Scripts\;C:\Users\jordao\AppData\Local\Programs\Python\Python35\;C:\Users\jordao\AppData\Local\Microsoft\WindowsApps;C:\Users\jordao\AppData\Roaming\npm;C:\Program Files (x86)\Microsoft VS Code\bin;C:\Users\jordao\AppData\Local\.meteor\;C:\Users\jordao\.babun;C:\Users\jordao\AppData\Local\atom\bin;%USERPROFILE%\AppData\Local\Microsoft\WindowsApps;
10 verbose lifecycle sc3x3@1.0.0~start: CWD: C:\Users\jordao\projects\testepixi
11 silly lifecycle sc3x3@1.0.0~start: Args: [ '/d /s /c', 'webpack-dev-server' ]
12 silly lifecycle sc3x3@1.0.0~start: Returned: code: 1073807364  signal: null
13 info lifecycle sc3x3@1.0.0~start: Failed to exec start script
14 verbose stack Error: sc3x3@1.0.0 start: `webpack-dev-server`
14 verbose stack Exit status 1073807364
14 verbose stack     at EventEmitter.<anonymous> (C:\Program Files\nodejs\node_modules\npm\lib\utils\lifecycle.js:255:16)
14 verbose stack     at emitTwo (events.js:106:13)
14 verbose stack     at EventEmitter.emit (events.js:191:7)
14 verbose stack     at ChildProcess.<anonymous> (C:\Program Files\nodejs\node_modules\npm\lib\utils\spawn.js:40:14)
14 verbose stack     at emitTwo (events.js:106:13)
14 verbose stack     at ChildProcess.emit (events.js:191:7)
14 verbose stack     at maybeClose (internal/child_process.js:885:16)
14 verbose stack     at Process.ChildProcess._handle.onexit (internal/child_process.js:226:5)
15 verbose pkgid sc3x3@1.0.0
16 verbose cwd C:\Users\jordao\projects\testepixi
17 error Windows_NT 10.0.15063
18 error argv "C:\\Program Files\\nodejs\\node.exe" "C:\\Program Files\\nodejs\\node_modules\\npm\\bin\\npm-cli.js" "start"
19 error node v7.2.1
20 error npm  v3.10.10
21 error code ELIFECYCLE
22 error sc3x3@1.0.0 start: `webpack-dev-server`
22 error Exit status 1073807364
23 error Failed at the sc3x3@1.0.0 start script 'webpack-dev-server'.
23 error Make sure you have the latest version of node.js and npm installed.
23 error If you do, this is most likely a problem with the sc3x3 package,
23 error not with npm itself.
23 error Tell the author that this fails on your system:
23 error     webpack-dev-server
23 error You can get information on how to open an issue for this project with:
23 error     npm bugs sc3x3
23 error Or if that isn't available, you can get their info via:
23 error     npm owner ls sc3x3
23 error There is likely additional logging output above.
24 verbose exit [ 1, true ]
